2023-11-20 12:19:01,162 WARNING database DDL Query made to DB:
create table `tabLoan` (
			name varchar(140) primary key,
			creation datetime(6),
			modified datetime(6),
			modified_by varchar(140),
			owner varchar(140),
			docstatus int(1) not null default '0',
			idx int(8) not null default '0',
			`applicant_type` varchar(140),
`applicant` varchar(140),
`applicant_name` varchar(140),
`loan_application` varchar(140),
`company` varchar(140),
`posting_date` date,
`status` varchar(140) default 'Sanctioned',
`loan_type` varchar(140),
`repayment_schedule_type` varchar(140),
`loan_amount` decimal(21,9) not null default 0,
`rate_of_interest` decimal(21,9) not null default 0,
`is_secured_loan` int(1) not null default 0,
`disbursement_date` date,
`closure_date` date,
`disbursed_amount` decimal(21,9) not null default 0,
`maximum_loan_amount` decimal(21,9) not null default 0,
`repayment_method` varchar(140),
`repayment_periods` int(11) not null default 0,
`monthly_repayment_amount` decimal(21,9) not null default 0,
`repayment_start_date` date,
`is_term_loan` int(1) not null default 0,
`cost_center` varchar(140),
`mode_of_payment` varchar(140),
`disbursement_account` varchar(140),
`payment_account` varchar(140),
`loan_account` varchar(140),
`interest_income_account` varchar(140),
`penalty_income_account` varchar(140),
`total_payment` decimal(21,9) not null default 0,
`total_principal_paid` decimal(21,9) not null default 0,
`written_off_amount` decimal(21,9) not null default 0,
`refund_amount` decimal(21,9) not null default 0,
`debit_adjustment_amount` decimal(21,9) not null default 0,
`credit_adjustment_amount` decimal(21,9) not null default 0,
`is_npa` int(1) not null default 0,
`total_interest_payable` decimal(21,9) not null default 0,
`total_amount_paid` decimal(21,9) not null default 0,
`amended_from` varchar(140),
`_user_tags` text,
`_comments` text,
`_assign` text,
`_liked_by` text,

			index modified(modified))
			ENGINE=InnoDB
			ROW_FORMAT=DYNAMIC
			CHARACTER SET=utf8mb4
			COLLATE=utf8mb4_unicode_ci
2023-11-20 12:19:01,277 WARNING database DDL Query made to DB:
create table `tabLoan Repayment` (
			name varchar(140) primary key,
			creation datetime(6),
			modified datetime(6),
			modified_by varchar(140),
			owner varchar(140),
			docstatus int(1) not null default '0',
			idx int(8) not null default '0',
			`against_loan` varchar(140),
`applicant_type` varchar(140),
`applicant` varchar(140),
`loan_type` varchar(140),
`company` varchar(140),
`posting_date` datetime(6),
`clearance_date` date,
`rate_of_interest` decimal(21,9) not null default 0,
`is_term_loan` int(1) not null default 0,
`due_date` date,
`pending_principal_amount` decimal(21,9) not null default 0,
`interest_payable` decimal(21,9) not null default 0,
`payable_amount` decimal(21,9) not null default 0,
`shortfall_amount` decimal(21,9) not null default 0,
`payable_principal_amount` decimal(21,9) not null default 0,
`penalty_amount` decimal(21,9) not null default 0,
`amount_paid` decimal(21,9) not null default 0,
`cost_center` varchar(140),
`reference_number` varchar(140),
`reference_date` date,
`principal_amount_paid` decimal(21,9) not null default 0,
`total_penalty_paid` decimal(21,9) not null default 0,
`total_interest_paid` decimal(21,9) not null default 0,
`amended_from` varchar(140),
`payment_account` varchar(140),
`penalty_income_account` varchar(140),
`loan_account` varchar(140),
`_user_tags` text,
`_comments` text,
`_assign` text,
`_liked_by` text,

			index modified(modified))
			ENGINE=InnoDB
			ROW_FORMAT=DYNAMIC
			CHARACTER SET=utf8mb4
			COLLATE=utf8mb4_unicode_ci
2023-11-20 12:19:01,367 WARNING database DDL Query made to DB:
create table `tabLoan Security` (
			name varchar(140) primary key,
			creation datetime(6),
			modified datetime(6),
			modified_by varchar(140),
			owner varchar(140),
			docstatus int(1) not null default '0',
			idx int(8) not null default '0',
			`loan_security_name` varchar(140) unique,
`haircut` decimal(21,9) not null default 0,
`loan_security_code` varchar(140) unique,
`loan_security_type` varchar(140),
`unit_of_measure` varchar(140),
`disabled` int(1) not null default 0,
`_user_tags` text,
`_comments` text,
`_assign` text,
`_liked_by` text,

			index modified(modified))
			ENGINE=InnoDB
			ROW_FORMAT=DYNAMIC
			CHARACTER SET=utf8mb4
			COLLATE=utf8mb4_unicode_ci
2023-11-20 12:19:01,460 WARNING database DDL Query made to DB:
create table `tabLoan Refund` (
			name varchar(140) primary key,
			creation datetime(6),
			modified datetime(6),
			modified_by varchar(140),
			owner varchar(140),
			docstatus int(1) not null default '0',
			idx int(8) not null default '0',
			`loan` varchar(140),
`applicant_type` varchar(140),
`applicant` varchar(140),
`company` varchar(140),
`posting_date` date,
`cost_center` varchar(140),
`refund_account` varchar(140),
`refund_amount` decimal(21,9) not null default 0,
`reference_number` varchar(140),
`amended_from` varchar(140),
`_user_tags` text,
`_comments` text,
`_assign` text,
`_liked_by` text,

			index modified(modified))
			ENGINE=InnoDB
			ROW_FORMAT=DYNAMIC
			CHARACTER SET=utf8mb4
			COLLATE=utf8mb4_unicode_ci
2023-11-20 12:19:01,538 WARNING database DDL Query made to DB:
create table `tabProcess Loan Security Shortfall` (
			name varchar(140) primary key,
			creation datetime(6),
			modified datetime(6),
			modified_by varchar(140),
			owner varchar(140),
			docstatus int(1) not null default '0',
			idx int(8) not null default '0',
			`update_time` datetime(6),
`amended_from` varchar(140),
`_user_tags` text,
`_comments` text,
`_assign` text,
`_liked_by` text,

			index modified(modified))
			ENGINE=InnoDB
			ROW_FORMAT=DYNAMIC
			CHARACTER SET=utf8mb4
			COLLATE=utf8mb4_unicode_ci
2023-11-20 12:19:01,819 WARNING database DDL Query made to DB:
create table `tabVoice Call Settings` (
			name varchar(140) primary key,
			creation datetime(6),
			modified datetime(6),
			modified_by varchar(140),
			owner varchar(140),
			docstatus int(1) not null default '0',
			idx int(8) not null default '0',
			`user` varchar(140) unique,
`call_receiving_device` varchar(140) default 'Computer',
`greeting_message` varchar(140),
`agent_busy_message` varchar(140),
`agent_unavailable_message` varchar(140),
`_user_tags` text,
`_comments` text,
`_assign` text,
`_liked_by` text,

			index modified(modified))
			ENGINE=InnoDB
			ROW_FORMAT=DYNAMIC
			CHARACTER SET=utf8mb4
			COLLATE=utf8mb4_unicode_ci
2023-11-20 12:19:01,892 WARNING database DDL Query made to DB:
create table `tabTelephony Call Type` (
			name varchar(140) primary key,
			creation datetime(6),
			modified datetime(6),
			modified_by varchar(140),
			owner varchar(140),
			docstatus int(1) not null default '0',
			idx int(8) not null default '0',
			`call_type` varchar(140) unique,
`amended_from` varchar(140),
`_user_tags` text,
`_comments` text,
`_assign` text,
`_liked_by` text,

			index modified(modified))
			ENGINE=InnoDB
			ROW_FORMAT=DYNAMIC
			CHARACTER SET=utf8mb4
			COLLATE=utf8mb4_unicode_ci
2023-11-20 12:19:01,988 WARNING database DDL Query made to DB:
create table `tabCall Log` (
			name varchar(140) primary key,
			creation datetime(6),
			modified datetime(6),
			modified_by varchar(140),
			owner varchar(140),
			docstatus int(1) not null default '0',
			idx int(8) not null default '0',
			`id` varchar(140) unique,
`from` varchar(140),
`to` varchar(140),
`call_received_by` varchar(140),
`employee_user_id` varchar(140),
`medium` varchar(140),
`start_time` datetime(6),
`end_time` datetime(6),
`type` varchar(140),
`customer` varchar(140),
`status` varchar(140),
`duration` decimal(21,9),
`recording_url` varchar(140),
`type_of_call` varchar(140),
`summary` text,
`_user_tags` text,
`_comments` text,
`_assign` text,
`_liked_by` text,

			index modified(modified))
			ENGINE=InnoDB
			ROW_FORMAT=DYNAMIC
			CHARACTER SET=utf8mb4
			COLLATE=utf8mb4_unicode_ci
2023-11-20 12:19:02,059 WARNING database DDL Query made to DB:
create table `tabIncoming Call Handling Schedule` (
			name varchar(140) primary key,
			creation datetime(6),
			modified datetime(6),
			modified_by varchar(140),
			owner varchar(140),
			docstatus int(1) not null default '0',
			idx int(8) not null default '0',
			`day_of_week` varchar(140),
`from_time` time(6) default '9:00:00',
`to_time` time(6) default '17:00:00',
`agent_group` varchar(140),
parent varchar(140),
parentfield varchar(140),
parenttype varchar(140),
index parent(parent),

			index modified(modified))
			ENGINE=InnoDB
			ROW_FORMAT=DYNAMIC
			CHARACTER SET=utf8mb4
			COLLATE=utf8mb4_unicode_ci
2023-11-20 12:19:02,128 WARNING database DDL Query made to DB:
create table `tabIncoming Call Settings` (
			name varchar(140) primary key,
			creation datetime(6),
			modified datetime(6),
			modified_by varchar(140),
			owner varchar(140),
			docstatus int(1) not null default '0',
			idx int(8) not null default '0',
			`call_routing` varchar(140) default 'Sequential',
`greeting_message` varchar(140),
`agent_busy_message` varchar(140),
`agent_unavailable_message` varchar(140),
`_user_tags` text,
`_comments` text,
`_assign` text,
`_liked_by` text,

			index modified(modified))
			ENGINE=InnoDB
			ROW_FORMAT=DYNAMIC
			CHARACTER SET=utf8mb4
			COLLATE=utf8mb4_unicode_ci
2023-11-20 12:19:02,197 WARNING database DDL Query made to DB:
create table `tabBulk Transaction Log` (
			name varchar(140) primary key,
			creation datetime(6),
			modified datetime(6),
			modified_by varchar(140),
			owner varchar(140),
			docstatus int(1) not null default '0',
			idx int(8) not null default '0',
			`log_date` date,
`_user_tags` text,
`_comments` text,
`_assign` text,
`_liked_by` text,

			index modified(modified))
			ENGINE=InnoDB
			ROW_FORMAT=DYNAMIC
			CHARACTER SET=utf8mb4
			COLLATE=utf8mb4_unicode_ci
2023-11-20 12:19:02,279 WARNING database DDL Query made to DB:
create table `tabBulk Transaction Log Detail` (
			name varchar(140) primary key,
			creation datetime(6),
			modified datetime(6),
			modified_by varchar(140),
			owner varchar(140),
			docstatus int(1) not null default '0',
			idx int(8) not null default '0',
			`transaction_name` varchar(140),
`date` date,
`time` time(6),
`transaction_status` varchar(140),
`error_description` longtext,
`from_doctype` varchar(140),
`to_doctype` varchar(140),
`retried` int(11) not null default 0,
parent varchar(140),
parentfield varchar(140),
parenttype varchar(140),
index parent(parent),

			index modified(modified))
			ENGINE=InnoDB
			ROW_FORMAT=DYNAMIC
			CHARACTER SET=utf8mb4
			COLLATE=utf8mb4_unicode_ci
2023-11-20 12:19:02,344 WARNING database DDL Query made to DB:
create table `tabWebsite Offer` (
			name varchar(140) primary key,
			creation datetime(6),
			modified datetime(6),
			modified_by varchar(140),
			owner varchar(140),
			docstatus int(1) not null default '0',
			idx int(8) not null default '0',
			`offer_title` varchar(140),
`offer_subtitle` varchar(140),
`offer_details` longtext,
parent varchar(140),
parentfield varchar(140),
parenttype varchar(140),
index parent(parent),

			index modified(modified))
			ENGINE=InnoDB
			ROW_FORMAT=DYNAMIC
			CHARACTER SET=utf8mb4
			COLLATE=utf8mb4_unicode_ci
2023-11-20 12:19:02,453 WARNING database DDL Query made to DB:
create table `tabWebsite Item` (
			name varchar(140) primary key,
			creation datetime(6),
			modified datetime(6),
			modified_by varchar(140),
			owner varchar(140),
			docstatus int(1) not null default '0',
			idx int(8) not null default '0',
			`naming_series` varchar(140) default 'WEB-ITM-.####',
`web_item_name` varchar(140),
`route` text,
`has_variants` int(1) not null default 0,
`variant_of` varchar(140),
`published` int(1) not null default 1,
`item_code` varchar(140),
`item_name` varchar(140),
`item_group` varchar(140),
`stock_uom` varchar(140),
`description` longtext,
`brand` varchar(140),
`website_image` text,
`website_image_alt` varchar(140),
`slideshow` varchar(140),
`thumbnail` varchar(140),
`website_warehouse` varchar(140),
`on_backorder` int(1) not null default 0,
`short_description` text,
`web_long_description` longtext,
`show_tabbed_section` int(1) not null default 0,
`ranking` int(11) not null default 0,
`website_content` longtext,
`_user_tags` text,
`_comments` text,
`_assign` text,
`_liked_by` text,
index `variant_of`(`variant_of`),
index `item_group`(`item_group`),
index `brand`(`brand`),

			index modified(modified))
			ENGINE=InnoDB
			ROW_FORMAT=DYNAMIC
			CHARACTER SET=utf8mb4
			COLLATE=utf8mb4_unicode_ci
2023-11-20 12:19:02,512 WARNING database DDL Query made to DB:
ALTER TABLE `tabWebsite Item`
				ADD INDEX `route_index`(route(500))
2023-11-20 12:19:02,560 WARNING database DDL Query made to DB:
create table `tabRecommended Items` (
			name varchar(140) primary key,
			creation datetime(6),
			modified datetime(6),
			modified_by varchar(140),
			owner varchar(140),
			docstatus int(1) not null default '0',
			idx int(8) not null default '0',
			`website_item` varchar(140),
`website_item_name` varchar(140),
`item_code` varchar(140),
`route` text,
`website_item_image` text,
`website_item_thumbnail` varchar(140),
parent varchar(140),
parentfield varchar(140),
parenttype varchar(140),
index parent(parent),

			index modified(modified))
			ENGINE=InnoDB
			ROW_FORMAT=DYNAMIC
			CHARACTER SET=utf8mb4
			COLLATE=utf8mb4_unicode_ci
2023-11-20 12:19:02,636 WARNING database DDL Query made to DB:
create table `tabItem Review` (
			name varchar(140) primary key,
			creation datetime(6),
			modified datetime(6),
			modified_by varchar(140),
			owner varchar(140),
			docstatus int(1) not null default '0',
			idx int(8) not null default '0',
			`website_item` varchar(140),
`user` varchar(140),
`customer` varchar(140),
`item` varchar(140),
`published_on` varchar(140),
`review_title` varchar(140),
`rating` decimal(3,2),
`comment` text,
`_user_tags` text,
`_comments` text,
`_assign` text,
`_liked_by` text,

			index modified(modified))
			ENGINE=InnoDB
			ROW_FORMAT=DYNAMIC
			CHARACTER SET=utf8mb4
			COLLATE=utf8mb4_unicode_ci
2023-11-20 12:19:02,719 WARNING database DDL Query made to DB:
create table `tabWishlist` (
			name varchar(140) primary key,
			creation datetime(6),
			modified datetime(6),
			modified_by varchar(140),
			owner varchar(140),
			docstatus int(1) not null default '0',
			idx int(8) not null default '0',
			`user` varchar(140) unique,
`_user_tags` text,
`_comments` text,
`_assign` text,
`_liked_by` text,

			index modified(modified))
			ENGINE=InnoDB
			ROW_FORMAT=DYNAMIC
			CHARACTER SET=utf8mb4
			COLLATE=utf8mb4_unicode_ci
2023-11-20 12:19:02,802 WARNING database DDL Query made to DB:
create table `tabWebsite Item Tabbed Section` (
			name varchar(140) primary key,
			creation datetime(6),
			modified datetime(6),
			modified_by varchar(140),
			owner varchar(140),
			docstatus int(1) not null default '0',
			idx int(8) not null default '0',
			`label` varchar(140),
`content` longtext,
parent varchar(140),
parentfield varchar(140),
parenttype varchar(140),
index parent(parent),

			index modified(modified))
			ENGINE=InnoDB
			ROW_FORMAT=DYNAMIC
			CHARACTER SET=utf8mb4
			COLLATE=utf8mb4_unicode_ci
2023-11-20 12:19:02,892 WARNING database DDL Query made to DB:
create table `tabWishlist Item` (
			name varchar(140) primary key,
			creation datetime(6),
			modified datetime(6),
			modified_by varchar(140),
			owner varchar(140),
			docstatus int(1) not null default '0',
			idx int(8) not null default '0',
			`item_code` varchar(140),
`website_item` varchar(140),
`web_item_name` varchar(140),
`item_name` varchar(140),
`item_group` varchar(140),
`description` longtext,
`route` text,
`image` text,
`warehouse` varchar(140),
parent varchar(140),
parentfield varchar(140),
parenttype varchar(140),
index parent(parent),

			index modified(modified))
			ENGINE=InnoDB
			ROW_FORMAT=DYNAMIC
			CHARACTER SET=utf8mb4
			COLLATE=utf8mb4_unicode_ci
2023-11-20 12:19:03,292 WARNING database DDL Query made to DB:
create table `tabSubcontracting Receipt Item` (
			name varchar(140) primary key,
			creation datetime(6),
			modified datetime(6),
			modified_by varchar(140),
			owner varchar(140),
			docstatus int(1) not null default '0',
			idx int(8) not null default '0',
			`item_code` varchar(140),
`item_name` varchar(140),
`description` longtext,
`brand` varchar(140),
`image` text,
`received_qty` decimal(21,9) not null default 0,
`qty` decimal(21,9) not null default 0,
`rejected_qty` decimal(21,9) not null default 0,
`returned_qty` decimal(21,9) not null default 0,
`stock_uom` varchar(140),
`conversion_factor` decimal(21,9) not null default 1.0,
`rate` decimal(21,9) not null default 0,
`amount` decimal(21,9) not null default 0,
`rm_cost_per_qty` decimal(21,9) not null default 0,
`service_cost_per_qty` decimal(21,9) not null default 0,
`additional_cost_per_qty` decimal(21,9) not null default 0,
`rm_supp_cost` decimal(21,9) not null default 0,
`warehouse` varchar(140),
`rejected_warehouse` varchar(140),
`subcontracting_order` varchar(140),
`schedule_date` date,
`quality_inspection` varchar(140),
`subcontracting_order_item` varchar(140),
`subcontracting_receipt_item` varchar(140),
`bom` varchar(140),
`serial_no` text,
`batch_no` varchar(140),
`rejected_serial_no` text,
`manufacturer` varchar(140),
`manufacturer_part_no` varchar(140),
`expense_account` varchar(140),
`cost_center` varchar(140),
`project` varchar(140),
`page_break` int(1) not null default 0,
index `item_code`(`item_code`),
index `subcontracting_order`(`subcontracting_order`),
index `subcontracting_order_item`(`subcontracting_order_item`),
parent varchar(140),
parentfield varchar(140),
parenttype varchar(140),
index parent(parent),

			index modified(modified))
			ENGINE=InnoDB
			ROW_FORMAT=DYNAMIC
			CHARACTER SET=utf8mb4
			COLLATE=utf8mb4_unicode_ci
2023-11-20 12:19:03,382 WARNING database DDL Query made to DB:
create table `tabSubcontracting Receipt Supplied Item` (
			name varchar(140) primary key,
			creation datetime(6),
			modified datetime(6),
			modified_by varchar(140),
			owner varchar(140),
			docstatus int(1) not null default '0',
			idx int(8) not null default '0',
			`main_item_code` varchar(140),
`rm_item_code` varchar(140),
`item_name` varchar(140),
`bom_detail_no` varchar(140),
`description` longtext,
`stock_uom` varchar(140),
`conversion_factor` decimal(21,9) not null default 1.0,
`reference_name` varchar(140),
`rate` decimal(21,9) not null default 0,
`amount` decimal(21,9) not null default 0,
`available_qty_for_consumption` decimal(21,9) not null default 0,
`required_qty` decimal(21,9) not null default 0,
`consumed_qty` decimal(21,9) not null default 0,
`current_stock` decimal(21,9) not null default 0,
`batch_no` varchar(140),
`serial_no` text,
`subcontracting_order` varchar(140),
parent varchar(140),
parentfield varchar(140),
parenttype varchar(140),
index parent(parent),

			index modified(modified))
			ENGINE=InnoDB
			ROW_FORMAT=DYNAMIC
			CHARACTER SET=utf8mb4
			COLLATE=utf8mb4_unicode_ci
2023-11-20 12:19:03,496 WARNING database DDL Query made to DB:
create table `tabSubcontracting Order` (
			name varchar(140) primary key,
			creation datetime(6),
			modified datetime(6),
			modified_by varchar(140),
			owner varchar(140),
			docstatus int(1) not null default '0',
			idx int(8) not null default '0',
			`title` varchar(140) default '{supplier_name}',
`naming_series` varchar(140),
`purchase_order` varchar(140),
`supplier` varchar(140),
`supplier_name` varchar(140),
`supplier_warehouse` varchar(140),
`company` varchar(140),
`transaction_date` date,
`schedule_date` date,
`amended_from` varchar(140),
`cost_center` varchar(140),
`project` varchar(140),
`supplier_address` varchar(140),
`address_display` text,
`contact_person` varchar(140),
`contact_display` text,
`contact_mobile` text,
`contact_email` text,
`shipping_address` varchar(140),
`shipping_address_display` text,
`billing_address` varchar(140),
`billing_address_display` text,
`set_warehouse` varchar(140),
`total_qty` decimal(21,9) not null default 0,
`total` decimal(21,9) not null default 0,
`set_reserve_warehouse` varchar(140),
`distribute_additional_costs_based_on` varchar(140) default 'Qty',
`total_additional_costs` decimal(21,9) not null default 0,
`status` varchar(140) default 'Draft',
`per_received` decimal(21,9) not null default 0,
`select_print_heading` varchar(140),
`letter_head` varchar(140),
`_user_tags` text,
`_comments` text,
`_assign` text,
`_liked_by` text,
index `supplier`(`supplier`),
index `transaction_date`(`transaction_date`),
index `status`(`status`),

			index modified(modified))
			ENGINE=InnoDB
			ROW_FORMAT=DYNAMIC
			CHARACTER SET=utf8mb4
			COLLATE=utf8mb4_unicode_ci
2023-11-20 12:19:03,658 WARNING database DDL Query made to DB:
create table `tabSubcontracting Receipt` (
			name varchar(140) primary key,
			creation datetime(6),
			modified datetime(6),
			modified_by varchar(140),
			owner varchar(140),
			docstatus int(1) not null default '0',
			idx int(8) not null default '0',
			`title` varchar(140) default '{supplier_name}',
`naming_series` varchar(140),
`supplier` varchar(140),
`supplier_name` varchar(140),
`company` varchar(140),
`posting_date` date,
`posting_time` time(6),
`set_posting_time` int(1) not null default 0,
`is_return` int(1) not null default 0,
`return_against` varchar(140),
`cost_center` varchar(140),
`project` varchar(140),
`supplier_address` varchar(140),
`contact_person` varchar(140),
`address_display` text,
`contact_display` text,
`contact_mobile` text,
`contact_email` text,
`shipping_address` varchar(140),
`shipping_address_display` text,
`billing_address` varchar(140),
`billing_address_display` text,
`set_warehouse` varchar(140),
`rejected_warehouse` varchar(140),
`supplier_warehouse` varchar(140),
`total_qty` decimal(21,9) not null default 0,
`total` decimal(21,9) not null default 0,
`distribute_additional_costs_based_on` varchar(140) default 'Qty',
`total_additional_costs` decimal(21,9) not null default 0,
`in_words` varchar(240),
`bill_no` varchar(140),
`bill_date` date,
`status` varchar(140) default 'Draft',
`per_returned` decimal(21,9) not null default 0,
`amended_from` varchar(140),
`range` varchar(140),
`represents_company` varchar(140),
`auto_repeat` varchar(140),
`letter_head` varchar(140),
`language` varchar(140),
`instructions` text,
`select_print_heading` varchar(140),
`remarks` text,
`transporter_name` varchar(140),
`lr_no` varchar(140),
`lr_date` date,
`_user_tags` text,
`_comments` text,
`_assign` text,
`_liked_by` text,
index `supplier`(`supplier`),
index `posting_date`(`posting_date`),
index `status`(`status`),

			index modified(modified))
			ENGINE=InnoDB
			ROW_FORMAT=DYNAMIC
			CHARACTER SET=utf8mb4
			COLLATE=utf8mb4_unicode_ci
2023-11-20 12:19:03,795 WARNING database DDL Query made to DB:
create table `tabSubcontracting Order Item` (
			name varchar(140) primary key,
			creation datetime(6),
			modified datetime(6),
			modified_by varchar(140),
			owner varchar(140),
			docstatus int(1) not null default '0',
			idx int(8) not null default '0',
			`item_code` varchar(140),
`item_name` varchar(140),
`bom` varchar(140),
`include_exploded_items` int(1) not null default 0,
`schedule_date` date,
`expected_delivery_date` date,
`description` longtext,
`image` text,
`qty` decimal(21,9) not null default 1.0,
`received_qty` decimal(21,9) not null default 0,
`returned_qty` decimal(21,9) not null default 0,
`stock_uom` varchar(140),
`conversion_factor` decimal(21,9) not null default 1.0,
`rate` decimal(21,9) not null default 0,
`amount` decimal(21,9) not null default 0,
`rm_cost_per_qty` decimal(21,9) not null default 0,
`service_cost_per_qty` decimal(21,9) not null default 0,
`additional_cost_per_qty` decimal(21,9) not null default 0,
`warehouse` varchar(140),
`expense_account` varchar(140),
`manufacturer` varchar(140),
`manufacturer_part_no` varchar(140),
`cost_center` varchar(140),
`project` varchar(140),
`page_break` int(1) not null default 0,
index `item_code`(`item_code`),
index `expected_delivery_date`(`expected_delivery_date`),
parent varchar(140),
parentfield varchar(140),
parenttype varchar(140),
index parent(parent),

			index modified(modified))
			ENGINE=InnoDB
			ROW_FORMAT=DYNAMIC
			CHARACTER SET=utf8mb4
			COLLATE=utf8mb4_unicode_ci
2023-11-20 12:19:03,890 WARNING database DDL Query made to DB:
create table `tabSubcontracting Order Supplied Item` (
			name varchar(140) primary key,
			creation datetime(6),
			modified datetime(6),
			modified_by varchar(140),
			owner varchar(140),
			docstatus int(1) not null default '0',
			idx int(8) not null default '0',
			`main_item_code` varchar(140),
`rm_item_code` varchar(140),
`stock_uom` varchar(140),
`conversion_factor` decimal(21,9) not null default 1.0,
`reserve_warehouse` varchar(140),
`bom_detail_no` varchar(140),
`reference_name` varchar(140),
`rate` decimal(21,9) not null default 0,
`amount` decimal(21,9) not null default 0,
`required_qty` decimal(21,9) not null default 0,
`supplied_qty` decimal(21,9) not null default 0,
`consumed_qty` decimal(21,9) not null default 0,
`returned_qty` decimal(21,9) not null default 0,
`total_supplied_qty` decimal(21,9) not null default 0,
parent varchar(140),
parentfield varchar(140),
parenttype varchar(140),
index parent(parent),

			index modified(modified))
			ENGINE=InnoDB
			ROW_FORMAT=DYNAMIC
			CHARACTER SET=utf8mb4
			COLLATE=utf8mb4_unicode_ci
2023-11-20 12:19:03,970 WARNING database DDL Query made to DB:
create table `tabSubcontracting Order Service Item` (
			name varchar(140) primary key,
			creation datetime(6),
			modified datetime(6),
			modified_by varchar(140),
			owner varchar(140),
			docstatus int(1) not null default '0',
			idx int(8) not null default '0',
			`item_code` varchar(140),
`item_name` varchar(140),
`qty` decimal(21,9) not null default 0,
`rate` decimal(21,9) not null default 0,
`amount` decimal(21,9) not null default 0,
`fg_item` varchar(140),
`fg_item_qty` decimal(21,9) not null default 1.0,
index `item_code`(`item_code`),
parent varchar(140),
parentfield varchar(140),
parenttype varchar(140),
index parent(parent),

			index modified(modified))
			ENGINE=InnoDB
			ROW_FORMAT=DYNAMIC
			CHARACTER SET=utf8mb4
			COLLATE=utf8mb4_unicode_ci
2023-11-20 12:19:12,287 WARNING database DDL Query made to DB:
ALTER TABLE `tabAddress` ADD COLUMN `tax_category` varchar(140), ADD COLUMN `is_your_company_address` int(1) not null default 0
2023-11-20 12:19:12,382 WARNING database DDL Query made to DB:
ALTER TABLE `tabContact` ADD COLUMN `is_billing_contact` int(1) not null default 0
2023-11-20 12:45:07,887 WARNING database DDL Query made to DB:
create table `tabPayment Gateway` (
			name varchar(140) primary key,
			creation datetime(6),
			modified datetime(6),
			modified_by varchar(140),
			owner varchar(140),
			docstatus int(1) not null default '0',
			idx int(8) not null default '0',
			`gateway` varchar(140) unique,
`gateway_settings` varchar(140),
`gateway_controller` varchar(140),
`_user_tags` text,
`_comments` text,
`_assign` text,
`_liked_by` text,

			index modified(modified))
			ENGINE=InnoDB
			ROW_FORMAT=DYNAMIC
			CHARACTER SET=utf8mb4
			COLLATE=utf8mb4_unicode_ci
2023-11-20 12:45:08,152 WARNING database DDL Query made to DB:
create table `tabBraintree Settings` (
			name varchar(140) primary key,
			creation datetime(6),
			modified datetime(6),
			modified_by varchar(140),
			owner varchar(140),
			docstatus int(1) not null default '0',
			idx int(8) not null default '0',
			`gateway_name` varchar(140),
`merchant_id` varchar(140),
`public_key` varchar(140),
`private_key` text,
`use_sandbox` int(1) not null default 0,
`header_img` text,
`_user_tags` text,
`_comments` text,
`_assign` text,
`_liked_by` text,

			index modified(modified))
			ENGINE=InnoDB
			ROW_FORMAT=DYNAMIC
			CHARACTER SET=utf8mb4
			COLLATE=utf8mb4_unicode_ci
2023-11-20 12:45:08,331 WARNING database DDL Query made to DB:
create table `tabStripe Settings` (
			name varchar(140) primary key,
			creation datetime(6),
			modified datetime(6),
			modified_by varchar(140),
			owner varchar(140),
			docstatus int(1) not null default '0',
			idx int(8) not null default '0',
			`gateway_name` varchar(140),
`publishable_key` varchar(140),
`secret_key` text,
`header_img` text,
`redirect_url` varchar(140),
`_user_tags` text,
`_comments` text,
`_assign` text,
`_liked_by` text,

			index modified(modified))
			ENGINE=InnoDB
			ROW_FORMAT=DYNAMIC
			CHARACTER SET=utf8mb4
			COLLATE=utf8mb4_unicode_ci
2023-11-20 12:45:09,907 WARNING database DDL Query made to DB:
ALTER TABLE `tabWeb Form` ADD COLUMN `currency` varchar(140), ADD COLUMN `amount_field` varchar(140), ADD COLUMN `payment_button_help` text, ADD COLUMN `amount_based_on_field` int(1) not null default 0, ADD COLUMN `amount` decimal(21,9) not null default 0, ADD COLUMN `payment_gateway` varchar(140), ADD COLUMN `payment_button_label` varchar(140) default 'Buy Now', ADD COLUMN `accept_payment` int(1) not null default 0
2023-11-20 12:45:09,919 WARNING database DDL Query made to DB:
ALTER TABLE `tabWeb Form` MODIFY `condition_json` json
2023-11-23 13:48:59,597 WARNING database DDL Query made to DB:
ALTER TABLE `tabProduction Plan Sub Assembly Item` MODIFY `wo_produced_qty` decimal(21,9) not null default 0, MODIFY `actual_qty` decimal(21,9) not null default 0, MODIFY `projected_qty` decimal(21,9) not null default 0, MODIFY `received_qty` decimal(21,9) not null default 0, MODIFY `qty` decimal(21,9) not null default 0
2023-11-23 18:22:09,077 WARNING database DDL Query made to DB:
ALTER TABLE `tabProduction Plan Sub Assembly Item` ADD COLUMN `total_required_qty` decimal(21,9) not null default 0
2023-11-23 18:22:09,083 WARNING database DDL Query made to DB:
ALTER TABLE `tabProduction Plan Sub Assembly Item` MODIFY `qty` decimal(21,9) not null default 0, MODIFY `actual_qty` decimal(21,9) not null default 0, MODIFY `received_qty` decimal(21,9) not null default 0, MODIFY `projected_qty` decimal(21,9) not null default 0, MODIFY `wo_produced_qty` decimal(21,9) not null default 0
2023-11-23 18:27:10,389 WARNING database DDL Query made to DB:
ALTER TABLE `tabProduction Plan Sub Assembly Item` MODIFY `actual_qty` decimal(21,9) not null default 0, MODIFY `qty` decimal(21,9) not null default 0, MODIFY `received_qty` decimal(21,9) not null default 0, MODIFY `wo_produced_qty` decimal(21,9) not null default 0, MODIFY `total_required_qty` decimal(21,9) not null default 0, MODIFY `projected_qty` decimal(21,9) not null default 0
2023-11-23 18:29:08,996 WARNING database DDL Query made to DB:
ALTER TABLE `tabSales Invoice` MODIFY `total_qty` decimal(21,9) not null default 0, MODIFY `update_billed_amount_in_delivery_note` int(1) not null default 1, MODIFY `base_total` decimal(21,9) not null default 0, MODIFY `base_net_total` decimal(21,9) not null default 0, MODIFY `total_taxes_and_charges` decimal(21,9) not null default 0, MODIFY `change_amount` decimal(21,9) not null default 0, MODIFY `total` decimal(21,9) not null default 0, MODIFY `base_rounded_total` decimal(21,9) not null default 0, MODIFY `total_net_weight` decimal(21,9) not null default 0, MODIFY `conversion_rate` decimal(21,9) not null default 0, MODIFY `net_total` decimal(21,9) not null default 0, MODIFY `total_billing_hours` decimal(21,9) not null default 0, MODIFY `base_total_taxes_and_charges` decimal(21,9) not null default 0, MODIFY `grand_total` decimal(21,9) not null default 0, MODIFY `rounding_adjustment` decimal(21,9) not null default 0, MODIFY `base_rounding_adjustment` decimal(21,9) not null default 0, MODIFY `base_grand_total` decimal(21,9) not null default 0, MODIFY `plc_conversion_rate` decimal(21,9) not null default 0, MODIFY `rounded_total` decimal(21,9) not null default 0, MODIFY `amount_eligible_for_commission` decimal(21,9) not null default 0, MODIFY `base_change_amount` decimal(21,9) not null default 0, MODIFY `total_advance` decimal(21,9) not null default 0, MODIFY `base_paid_amount` decimal(21,9) not null default 0, MODIFY `commission_rate` decimal(21,9) not null default 0, MODIFY `outstanding_amount` decimal(21,9) not null default 0, MODIFY `total_commission` decimal(21,9) not null default 0, MODIFY `paid_amount` decimal(21,9) not null default 0, MODIFY `base_discount_amount` decimal(21,9) not null default 0, MODIFY `write_off_amount` decimal(21,9) not null default 0, MODIFY `base_write_off_amount` decimal(21,9) not null default 0, MODIFY `additional_discount_percentage` decimal(21,9) not null default 0, MODIFY `discount_amount` decimal(21,9) not null default 0, MODIFY `loyalty_amount` decimal(21,9) not null default 0
2023-11-23 18:29:10,845 WARNING database DDL Query made to DB:
ALTER TABLE `tabPOS Invoice` ADD COLUMN `update_billed_amount_in_delivery_note` int(1) not null default 1
2023-11-23 18:29:10,851 WARNING database DDL Query made to DB:
ALTER TABLE `tabPOS Invoice` MODIFY `rounding_adjustment` decimal(21,9) not null default 0, MODIFY `rounded_total` decimal(21,9) not null default 0, MODIFY `total_advance` decimal(21,9) not null default 0, MODIFY `conversion_rate` decimal(21,9) not null default 0, MODIFY `outstanding_amount` decimal(21,9) not null default 0, MODIFY `plc_conversion_rate` decimal(21,9) not null default 0, MODIFY `base_paid_amount` decimal(21,9) not null default 0, MODIFY `paid_amount` decimal(21,9) not null default 0, MODIFY `base_change_amount` decimal(21,9) not null default 0, MODIFY `change_amount` decimal(21,9) not null default 0, MODIFY `write_off_amount` decimal(21,9) not null default 0, MODIFY `base_write_off_amount` decimal(21,9) not null default 0, MODIFY `total_qty` decimal(21,9) not null default 0, MODIFY `base_total` decimal(21,9) not null default 0, MODIFY `base_net_total` decimal(21,9) not null default 0, MODIFY `total` decimal(21,9) not null default 0, MODIFY `net_total` decimal(21,9) not null default 0, MODIFY `total_net_weight` decimal(21,9) not null default 0, MODIFY `base_total_taxes_and_charges` decimal(21,9) not null default 0, MODIFY `total_taxes_and_charges` decimal(21,9) not null default 0, MODIFY `loyalty_amount` decimal(21,9) not null default 0, MODIFY `base_discount_amount` decimal(21,9) not null default 0, MODIFY `amount_eligible_for_commission` decimal(21,9) not null default 0, MODIFY `additional_discount_percentage` decimal(21,9) not null default 0, MODIFY `commission_rate` decimal(21,9) not null default 0, MODIFY `discount_amount` decimal(21,9) not null default 0, MODIFY `total_commission` decimal(21,9) not null default 0, MODIFY `base_grand_total` decimal(21,9) not null default 0, MODIFY `base_rounding_adjustment` decimal(21,9) not null default 0, MODIFY `base_rounded_total` decimal(21,9) not null default 0, MODIFY `grand_total` decimal(21,9) not null default 0
2023-11-23 18:29:11,737 WARNING database DDL Query made to DB:
ALTER TABLE `tabSupplier Quotation Item` ADD COLUMN `cost_center` varchar(140)
2023-11-23 18:29:11,741 WARNING database DDL Query made to DB:
ALTER TABLE `tabSupplier Quotation Item` MODIFY `base_net_rate` decimal(21,9) not null default 0, MODIFY `base_amount` decimal(21,9) not null default 0, MODIFY `weight_per_unit` decimal(21,9) not null default 0, MODIFY `qty` decimal(21,9) not null default 0, MODIFY `base_rate` decimal(21,9) not null default 0, MODIFY `stock_qty` decimal(21,9) not null default 0, MODIFY `rate` decimal(21,9) not null default 0, MODIFY `price_list_rate` decimal(21,9) not null default 0, MODIFY `amount` decimal(21,9) not null default 0, MODIFY `net_rate` decimal(21,9) not null default 0, MODIFY `net_amount` decimal(21,9) not null default 0, MODIFY `discount_amount` decimal(21,9) not null default 0, MODIFY `discount_percentage` decimal(21,9) not null default 0, MODIFY `conversion_factor` decimal(21,9) not null default 0, MODIFY `base_net_amount` decimal(21,9) not null default 0, MODIFY `base_price_list_rate` decimal(21,9) not null default 0, MODIFY `total_weight` decimal(21,9) not null default 0
2023-11-23 18:29:12,487 WARNING database DDL Query made to DB:
ALTER TABLE `tabSupplier Quotation` ADD COLUMN `cost_center` varchar(140), ADD COLUMN `project` varchar(140), ADD COLUMN `shipping_address` varchar(140), ADD COLUMN `shipping_address_display` text, ADD COLUMN `billing_address` varchar(140), ADD COLUMN `billing_address_display` text
2023-11-23 18:29:12,494 WARNING database DDL Query made to DB:
ALTER TABLE `tabSupplier Quotation` MODIFY `total_net_weight` decimal(21,9) not null default 0, MODIFY `base_total` decimal(21,9) not null default 0, MODIFY `total_qty` decimal(21,9) not null default 0, MODIFY `plc_conversion_rate` decimal(21,9) not null default 0, MODIFY `total` decimal(21,9) not null default 0, MODIFY `base_net_total` decimal(21,9) not null default 0, MODIFY `base_discount_amount` decimal(21,9) not null default 0, MODIFY `additional_discount_percentage` decimal(21,9) not null default 0, MODIFY `discount_amount` decimal(21,9) not null default 0, MODIFY `base_grand_total` decimal(21,9) not null default 0, MODIFY `base_rounding_adjustment` decimal(21,9) not null default 0, MODIFY `base_rounded_total` decimal(21,9) not null default 0, MODIFY `grand_total` decimal(21,9) not null default 0, MODIFY `rounding_adjustment` decimal(21,9) not null default 0, MODIFY `rounded_total` decimal(21,9) not null default 0, MODIFY `net_total` decimal(21,9) not null default 0, MODIFY `base_taxes_and_charges_deducted` decimal(21,9) not null default 0, MODIFY `taxes_and_charges_deducted` decimal(21,9) not null default 0, MODIFY `taxes_and_charges_added` decimal(21,9) not null default 0, MODIFY `total_taxes_and_charges` decimal(21,9) not null default 0, MODIFY `base_taxes_and_charges_added` decimal(21,9) not null default 0, MODIFY `base_total_taxes_and_charges` decimal(21,9) not null default 0, MODIFY `conversion_rate` decimal(21,9) not null default 0
2023-11-23 18:29:12,877 WARNING database DDL Query made to DB:
ALTER TABLE `tabRequest for Quotation` ADD COLUMN `billing_address` varchar(140), ADD COLUMN `billing_address_display` text
2023-11-23 18:29:13,817 WARNING database DDL Query made to DB:
ALTER TABLE `tabProduction Plan Sub Assembly Item` MODIFY `projected_qty` decimal(21,9) not null default 0, MODIFY `qty` decimal(21,9) not null default 0, MODIFY `received_qty` decimal(21,9) not null default 0, MODIFY `wo_produced_qty` decimal(21,9) not null default 0, MODIFY `total_required_qty` decimal(21,9) not null default 0, MODIFY `actual_qty` decimal(21,9) not null default 0
2023-11-23 18:29:14,861 WARNING database DDL Query made to DB:
ALTER TABLE `tabItem` MODIFY `total_projected_qty` decimal(21,9) not null default 0, MODIFY `over_delivery_receipt_allowance` decimal(21,9) not null default 0, MODIFY `over_billing_allowance` decimal(21,9) not null default 0, MODIFY `valuation_rate` decimal(21,9) not null default 0, MODIFY `safety_stock` decimal(21,9) not null default 0, MODIFY `max_discount` decimal(21,9) not null default 0, MODIFY `standard_rate` decimal(21,9) not null default 0, MODIFY `last_purchase_rate` decimal(21,9) not null default 0, MODIFY `opening_stock` decimal(21,9) not null default 0, MODIFY `weight_per_unit` decimal(21,9) not null default 0
2023-11-23 18:29:16,068 WARNING database DDL Query made to DB:
ALTER TABLE `tabAsset` MODIFY `value_after_depreciation` decimal(21,9) not null default 0, MODIFY `opening_accumulated_depreciation` decimal(21,9) not null default 0, MODIFY `purchase_receipt_amount` decimal(21,9) not null default 0, MODIFY `asset_quantity` int(11) not null default 1, MODIFY `gross_purchase_amount` decimal(21,9) not null default 0
2023-11-23 18:29:16,780 WARNING database DDL Query made to DB:
ALTER TABLE `tabBulk Transaction Log Detail` ADD COLUMN `_user_tags` text, ADD COLUMN `_comments` text, ADD COLUMN `_assign` text, ADD COLUMN `_liked_by` text
2023-11-23 18:29:16,792 WARNING database DDL Query made to DB:
ALTER TABLE `tabBulk Transaction Log Detail` ADD INDEX `from_doctype_index`(`from_doctype`), ADD INDEX `transaction_name_index`(`transaction_name`), ADD INDEX `date_index`(`date`)
2023-11-23 18:29:17,411 WARNING database DDL Query made to DB:
ALTER TABLE `tabSubcontracting Receipt` ADD COLUMN `supplier_delivery_note` varchar(140)
2023-11-23 18:29:17,417 WARNING database DDL Query made to DB:
ALTER TABLE `tabSubcontracting Receipt` MODIFY `total_additional_costs` decimal(21,9) not null default 0, MODIFY `per_returned` decimal(21,9) not null default 0, MODIFY `total` decimal(21,9) not null default 0, MODIFY `total_qty` decimal(21,9) not null default 0
2023-12-05 15:13:00,405 WARNING database DDL Query made to DB:
create table `tabdemo` (
			name varchar(140) primary key,
			creation datetime(6),
			modified datetime(6),
			modified_by varchar(140),
			owner varchar(140),
			docstatus int(1) not null default '0',
			idx int(8) not null default '0',
			`first_name` varchar(140),
`_user_tags` text,
`_comments` text,
`_assign` text,
`_liked_by` text,

			index modified(modified))
			ENGINE=InnoDB
			ROW_FORMAT=DYNAMIC
			CHARACTER SET=utf8mb4
			COLLATE=utf8mb4_unicode_ci
